INFO:root:##################################################
[Automation Started] [2023-10-04 18:31:13.795409]
INFO:root:[Errno 2] No such file or directory: '/home/ex/Documents/GITLAB/ghost_modules/ghost_prices/test/wisepenny/spyders/New_imports'
INFO:root:##################################################
[Automation Interrupted] [2023-10-04 18:34:55.179321]
INFO:root:##################################################
[Automation Started] [2023-10-04 18:38:41.542695]
INFO:root:##################################################
[Automation Started] [2023-10-04 18:38:52.078156]
INFO:root:##################################################
[Automation Ended] [2023-10-04 19:31:47.245510]
INFO:root:##################################################
[Automation Started] [2023-10-10 17:19:44.277315]
INFO:root:##################################################
[Automation Started] [2023-10-10 19:14:02.826901]
INFO:root:##################################################
[Automation Ended] [2023-10-10 19:58:33.698188]
INFO:root:##################################################
[Automation Started] [2023-10-14 17:10:03.762553]
INFO:root:##################################################
[Automation Ended] [2023-10-14 17:50:25.778855]
INFO:root:##################################################
[Automation Started] [2023-10-15 05:00:01.358141]
INFO:root:##################################################
[Automation Started] [2023-10-15 07:00:01.257341]
INFO:root:##################################################
[Automation Started] [2023-10-15 11:00:01.936699]
INFO:root:HTTPSConnectionPool(host='jiji.com.et', port=443): Max retries exceeded with url: /api_web/v1/start_spa_data (Caused by NewConnectionError('<urllib3.connection.HTTPSConnection object at 0x7f66519e9c90>: Failed to establish a new connection: [Errno -3] Temporary failure in name resolution'))
INFO:root:##################################################
[Automation Interrupted] [2023-10-15 11:00:01.964002]
INFO:root:##################################################
[Automation Started] [2023-10-16 05:00:02.144612]
INFO:root:##################################################
[Automation Ended] [2023-10-16 05:26:50.535187]
INFO:root:##################################################
[Automation Started] [2023-10-16 07:00:01.965775]
INFO:root:##################################################
[Automation Ended] [2023-10-16 07:28:09.679535]
INFO:root:##################################################
[Automation Started] [2023-10-16 11:00:01.536300]
INFO:root:##################################################
[Automation Ended] [2023-10-16 11:39:28.986230]
INFO:root:##################################################
[Automation Started] [2023-10-17 05:00:02.022805]
INFO:root:##################################################
[Automation Ended] [2023-10-17 05:45:33.159447]
INFO:root:##################################################
[Automation Started] [2023-10-17 07:00:01.398199]
INFO:root:##################################################
[Automation Ended] [2023-10-17 07:46:16.094126]
INFO:root:##################################################
[Automation Started] [2023-10-17 11:00:04.954284]
INFO:root:##################################################
[Automation Ended] [2023-10-17 12:00:12.962098]
INFO:root:##################################################
[Automation Started] [2023-10-18 05:00:01.754781]
INFO:root:##################################################
[Automation Ended] [2023-10-18 05:44:08.936428]
INFO:root:##################################################
[Automation Started] [2023-10-18 07:00:01.892082]
INFO:root:##################################################
[Automation Started] [2023-10-19 05:00:02.028861]
INFO:root:##################################################
[Automation Ended] [2023-10-19 05:50:14.886807]
INFO:root:##################################################
[Automation Started] [2023-10-19 07:00:01.803919]
INFO:root:##################################################
[Automation Ended] [2023-10-19 07:51:43.845839]
INFO:root:##################################################
[Automation Started] [2023-10-19 11:00:03.606914]
